build/intermediates/manifest_merge_blame_file/debug/manifest-merger-blame-debug-report.txt
1<?xml version="1.0" encoding="utf-8"?>
2<manifest xmlns:android="http://schemas.android.com/apk/res/android"
3    package="com.addx.ai.demo"
4    android:versionCode="1"
5    android:versionName="1.0" >
6
7    <uses-sdk
8        android:minSdkVersion="21"
8-->src/main/AndroidManifest.xml
9        android:targetSdkVersion="30" />
9-->src/main/AndroidManifest.xml
10
11    <uses-permission android:name="android.permission.ACCESS_NETWORK_STATE" />
11-->[com.addx.ai:addxvideo:1.0.68] AndroidManifest.xml:11:5-79
11-->[com.addx.ai:addxvideo:1.0.68] AndroidManifest.xml:11:22-76
12    <uses-permission android:name="android.permission.ACCESS_WIFI_STATE" />
12-->[com.addx.ai:addxvideo:1.0.68] AndroidManifest.xml:12:5-76
12-->[com.addx.ai:addxvideo:1.0.68] AndroidManifest.xml:12:22-73
13    <uses-permission android:name="android.permission.CHANGE_WIFI_STATE" />
13-->[com.addx.ai:addxvideo:1.0.68] AndroidManifest.xml:13:5-76
13-->[com.addx.ai:addxvideo:1.0.68] AndroidManifest.xml:13:22-73
14    <uses-permission android:name="android.permission.ACCESS_COARSE_LOCATION" />
14-->[com.addx.ai:addxbind:1.0.68] AndroidManifest.xml:11:5-81
14-->[com.addx.ai:addxbind:1.0.68] AndroidManifest.xml:11:22-78
15    <uses-permission android:name="android.permission.ACCESS_FINE_LOCATION" />
15-->[com.addx.ai:addxbind:1.0.68] AndroidManifest.xml:12:5-79
15-->[com.addx.ai:addxbind:1.0.68] AndroidManifest.xml:12:22-76
16    <uses-permission android:name="android.permission.BLUETOOTH" />
16-->[com.addx.ai:addxbind:1.0.68] AndroidManifest.xml:13:5-68
16-->[com.addx.ai:addxbind:1.0.68] AndroidManifest.xml:13:22-65
17    <uses-permission android:name="android.permission.BLUETOOTH_ADMIN" />
17-->[com.addx.ai:addxbind:1.0.68] AndroidManifest.xml:14:5-74
17-->[com.addx.ai:addxbind:1.0.68] AndroidManifest.xml:14:22-71
18    <uses-permission android:name="android.permission.VIBRATE" />
18-->[com.addx.ai:addxbind:1.0.68] AndroidManifest.xml:15:5-66
18-->[com.addx.ai:addxbind:1.0.68] AndroidManifest.xml:15:22-63
19    <uses-permission android:name="android.permission.WRITE_EXTERNAL_STORAGE" />
19-->[com.addx.ai:addxbind:1.0.68] AndroidManifest.xml:16:5-81
19-->[com.addx.ai:addxbind:1.0.68] AndroidManifest.xml:16:22-78
20    <uses-permission android:name="android.permission.READ_EXTERNAL_STORAGE" />
20-->[com.addx.ai:addxbind:1.0.68] AndroidManifest.xml:17:5-80
20-->[com.addx.ai:addxbind:1.0.68] AndroidManifest.xml:17:22-77
21    <uses-permission android:name="android.permission.INTERNET" />
21-->[com.addx.ai:addxbind:1.0.68] AndroidManifest.xml:18:5-67
21-->[com.addx.ai:addxbind:1.0.68] AndroidManifest.xml:18:22-64
22    <uses-permission android:name="android.permission.WAKE_LOCK" />
22-->[com.addx.ai:addxbind:1.0.68] AndroidManifest.xml:22:5-68
22-->[com.addx.ai:addxbind:1.0.68] AndroidManifest.xml:22:22-65
23    <uses-permission android:name="android.permission.MODIFY_AUDIO_SETTINGS" />
23-->[com.addx.ai:addxbase:1.0.68] AndroidManifest.xml:22:5-80
23-->[com.addx.ai:addxbase:1.0.68] AndroidManifest.xml:22:22-77
24    <uses-permission android:name="android.permission.RECORD_AUDIO" />
24-->[com.addx.ai:addxbase:1.0.68] AndroidManifest.xml:23:5-71
24-->[com.addx.ai:addxbase:1.0.68] AndroidManifest.xml:23:22-68
25    <uses-permission android:name="android.permission.REQUEST_INSTALL_PACKAGES" />
25-->[com.addx.ai:addxbase:1.0.68] AndroidManifest.xml:24:5-83
25-->[com.addx.ai:addxbase:1.0.68] AndroidManifest.xml:24:22-80
26    <uses-permission android:name="android.permission.READ_PHONE_STATE" />
26-->[com.addx.ai:addxbase:1.0.68] AndroidManifest.xml:25:5-75
26-->[com.addx.ai:addxbase:1.0.68] AndroidManifest.xml:25:22-72
27    <uses-permission android:name="android.permission.SYSTEM_ALERT_WINDOW" />
27-->[com.addx.ai:addxbase:1.0.68] AndroidManifest.xml:26:5-78
27-->[com.addx.ai:addxbase:1.0.68] AndroidManifest.xml:26:22-75
28    <uses-permission android:name="android.permission.SYSTEM_OVERLAY_WINDOW" />
28-->[com.addx.ai:addxbase:1.0.68] AndroidManifest.xml:27:5-80
28-->[com.addx.ai:addxbase:1.0.68] AndroidManifest.xml:27:22-77
29    <uses-permission android:name="android.permission.BROADCAST_PACKAGE_ADDED" />
29-->[com.addx.ai:addxbase:1.0.68] AndroidManifest.xml:30:5-82
29-->[com.addx.ai:addxbase:1.0.68] AndroidManifest.xml:30:22-79
30    <uses-permission android:name="android.permission.BROADCAST_PACKAGE_CHANGED" />
30-->[com.addx.ai:addxbase:1.0.68] AndroidManifest.xml:31:5-84
30-->[com.addx.ai:addxbase:1.0.68] AndroidManifest.xml:31:22-81
31    <uses-permission android:name="android.permission.BROADCAST_PACKAGE_INSTALL" />
31-->[com.addx.ai:addxbase:1.0.68] AndroidManifest.xml:32:5-84
31-->[com.addx.ai:addxbase:1.0.68] AndroidManifest.xml:32:22-81
32    <uses-permission android:name="android.permission.BROADCAST_PACKAGE_REPLACED" />
32-->[com.addx.ai:addxbase:1.0.68] AndroidManifest.xml:33:5-85
32-->[com.addx.ai:addxbase:1.0.68] AndroidManifest.xml:33:22-82
33    <uses-permission android:name="android.permission.GET_TASKS" />
33-->[com.addx.ai:addxbase:1.0.68] AndroidManifest.xml:34:5-68
33-->[com.addx.ai:addxbase:1.0.68] AndroidManifest.xml:34:22-65
34    <uses-permission android:name="android.permission.RECEIVE_BOOT_COMPLETED" />
34-->[com.addx.ai:addxbase:1.0.68] AndroidManifest.xml:35:5-81
34-->[com.addx.ai:addxbase:1.0.68] AndroidManifest.xml:35:22-78
35    <uses-permission android:name="com.huawei.android.launcher.permission.CHANGE_BADGE" />
35-->[com.addx.ai:addxbase:1.0.68] AndroidManifest.xml:36:5-91
35-->[com.addx.ai:addxbase:1.0.68] AndroidManifest.xml:36:22-88
36    <uses-permission android:name="com.sonyericsson.home.permission.BROADCAST_BADGE" />
36-->[com.addx.ai:addxbase:1.0.68] AndroidManifest.xml:37:5-88
36-->[com.addx.ai:addxbase:1.0.68] AndroidManifest.xml:37:22-85
37    <uses-permission android:name="android.permission.CHANGE_NETWORK_STATE" />
37-->[com.addx.ai:addxbase:1.0.68] AndroidManifest.xml:38:5-79
37-->[com.addx.ai:addxbase:1.0.68] AndroidManifest.xml:38:22-76
38    <uses-permission android:name="android.permission.WRITE_SETTINGS" />
38-->[com.addx.ai:addxbase:1.0.68] AndroidManifest.xml:39:5-41:47
38-->[com.addx.ai:addxbase:1.0.68] AndroidManifest.xml:40:9-57
39    <uses-permission android:name="android.permission.READ_PHONE_STATE " />
39-->[com.addx.ai:Common:1.0.68] AndroidManifest.xml:16:5-76
39-->[com.addx.ai:Common:1.0.68] AndroidManifest.xml:16:22-73
40    <uses-permission android:name="android.permission.CAMERA" />
40-->[com.addx.ai:zxing:1.0.1] AndroidManifest.xml:11:5-65
40-->[com.addx.ai:zxing:1.0.1] AndroidManifest.xml:11:22-62
41    <uses-permission android:name="android.permission.FLASHLIGHT" />
41-->[com.addx.ai:zxing:1.0.1] AndroidManifest.xml:12:5-69
41-->[com.addx.ai:zxing:1.0.1] AndroidManifest.xml:12:22-66
42
43    <uses-feature android:name="android.hardware.camera" />
43-->[com.addx.ai:zxing:1.0.1] AndroidManifest.xml:14:5-60
43-->[com.addx.ai:zxing:1.0.1] AndroidManifest.xml:14:19-57
44    <uses-feature android:name="android.hardware.camera.autofocus" />
44-->[com.addx.ai:zxing:1.0.1] AndroidManifest.xml:15:5-70
44-->[com.addx.ai:zxing:1.0.1] AndroidManifest.xml:15:19-67
45
46    <uses-permission android:name="com.android.vending.BILLING" /> <!-- <uses-permission android:name="android.permission.ACCESS_COARSE_LOCATION" /> -->
46-->[com.android.billingclient:billing:4.0.0] AndroidManifest.xml:10:5-67
46-->[com.android.billingclient:billing:4.0.0] AndroidManifest.xml:10:22-64
47    <!-- <uses-permission android:name="android.permission.ACCESS_FINE_LOCATION" /> -->
48    <!-- <uses-permission android:name="android.permission.BLUETOOTH" /> -->
49    <!-- <uses-permission android:name="android.permission.BLUETOOTH_ADMIN" /> -->
50    <!-- <uses-permission android:name="android.permission.WRITE_EXTERNAL_STORAGE" /> -->
51    <!-- <uses-permission android:name="android.permission.READ_EXTERNAL_STORAGE" /> -->
52    <!-- <uses-permission android:name="android.permission.INTERNET" /> -->
53    <!-- <uses-permission android:name="android.permission.ACCESS_NETWORK_STATE" /> -->
54    <!-- <uses-permission android:name="android.permission.ACCESS_WIFI_STATE" /> -->
55    <!-- <uses-permission android:name="android.permission.CHANGE_WIFI_STATE" /> -->
56    <!-- <uses-permission android:name="android.permission.MODIFY_AUDIO_SETTINGS" /> -->
57    <!-- <uses-permission android:name="android.permission.RECORD_AUDIO" /> -->
58    <!-- <uses-permission android:name="android.permission.REQUEST_INSTALL_PACKAGES" /> -->
59    <!-- <uses-permission android:name="android.permission.READ_PHONE_STATE" /> -->
60    <!-- <uses-permission android:name="android.permission.SYSTEM_ALERT_WINDOW" /> -->
61    <!-- <uses-permission android:name="android.permission.SYSTEM_OVERLAY_WINDOW" /> -->
62    <!-- <uses-permission android:name="android.permission.BLUETOOTH" /> -->
63    <!-- <uses-permission android:name="android.permission.WAKE_LOCK" /> -->
64    <!-- <uses-permission android:name="android.permission.BROADCAST_PACKAGE_ADDED" /> -->
65    <!-- <uses-permission android:name="android.permission.BROADCAST_PACKAGE_CHANGED" /> -->
66    <!-- <uses-permission android:name="android.permission.BROADCAST_PACKAGE_INSTALL" /> -->
67    <!-- <uses-permission android:name="android.permission.BROADCAST_PACKAGE_REPLACED" /> -->
68    <!-- <uses-permission android:name="android.permission.GET_TASKS" /> -->
69    <!-- <uses-permission android:name="android.permission.RECEIVE_BOOT_COMPLETED" /> -->
70    <!-- <uses-permission android:name="com.huawei.android.launcher.permission.CHANGE_BADGE" /> -->
71    <!-- <uses-permission android:name="com.sonyericsson.home.permission.BROADCAST_BADGE" /> -->
72    <!-- <uses-permission android:name="android.permission.CHANGE_NETWORK_STATE" /> -->
73    <!-- <uses-permission android:name="android.permission.WRITE_SETTINGS" -->
74    <!-- tools:ignore="ProtectedPermissions" /> -->
75    <application
75-->src/main/AndroidManifest.xml:35:5-74:19
76        android:name="com.addx.ai.demo.demoApp"
76-->src/main/AndroidManifest.xml:36:9-48
77        android:allowBackup="true"
77-->src/main/AndroidManifest.xml:37:9-35
78        android:appComponentFactory="androidx.core.app.CoreComponentFactory"
78-->[androidx.core:core:1.3.1] AndroidManifest.xml:24:18-86
79        android:debuggable="true"
80        android:icon="@mipmap/ic_launcher"
80-->src/main/AndroidManifest.xml:38:9-43
81        android:label="addxdemo"
81-->src/main/AndroidManifest.xml:39:9-33
82        android:networkSecurityConfig="@xml/network_security_config"
82-->[com.addx.ai:addxbase:1.0.68] AndroidManifest.xml:44:9-69
83        android:requestLegacyExternalStorage="true"
83-->[com.addx.ai:addxbase:1.0.68] AndroidManifest.xml:45:9-52
84        android:roundIcon="@mipmap/ic_launcher_round"
84-->src/main/AndroidManifest.xml:40:9-54
85        android:supportsRtl="true"
85-->src/main/AndroidManifest.xml:41:9-35
86        android:theme="@style/AppTheme" >
86-->src/main/AndroidManifest.xml:42:9-40
87        <activity
87-->src/main/AndroidManifest.xml:44:9-46:51
88            android:name="com.addx.ai.demo.DeviceList"
88-->src/main/AndroidManifest.xml:44:19-45
89            android:configChanges="orientation|keyboardHidden|screenSize"
89-->src/main/AndroidManifest.xml:45:13-74
90            android:screenOrientation="portrait" />
90-->src/main/AndroidManifest.xml:46:13-49
91        <activity
91-->src/main/AndroidManifest.xml:47:9-49:51
92            android:name="com.addx.ai.demo.PlayerDeviceList"
92-->src/main/AndroidManifest.xml:47:19-51
93            android:configChanges="orientation|keyboardHidden|screenSize"
93-->src/main/AndroidManifest.xml:48:13-74
94            android:screenOrientation="portrait" />
94-->src/main/AndroidManifest.xml:49:13-49
95        <activity
95-->src/main/AndroidManifest.xml:50:9-51:51
96            android:name="com.addx.ai.demo.MineActivity"
96-->src/main/AndroidManifest.xml:50:19-47
97            android:screenOrientation="portrait" />
97-->src/main/AndroidManifest.xml:51:13-49
98        <activity
98-->src/main/AndroidManifest.xml:52:9-53:52
99            android:name="com.addx.ai.demo.LibActivity"
99-->src/main/AndroidManifest.xml:52:19-46
100            android:screenOrientation="portrait" />
100-->src/main/AndroidManifest.xml:53:13-49
101        <activity
101-->src/main/AndroidManifest.xml:54:9-62:20
102            android:name="com.addx.ai.demo.MainActivity"
102-->src/main/AndroidManifest.xml:55:13-41
103            android:launchMode="singleTask"
103-->src/main/AndroidManifest.xml:56:13-44
104            android:screenOrientation="portrait" >
104-->src/main/AndroidManifest.xml:57:13-49
105            <intent-filter>
105-->src/main/AndroidManifest.xml:58:13-61:29
106                <action android:name="android.intent.action.MAIN" />
106-->src/main/AndroidManifest.xml:59:17-69
106-->src/main/AndroidManifest.xml:59:25-66
107
108                <category android:name="android.intent.category.LAUNCHER" />
108-->src/main/AndroidManifest.xml:60:17-77
108-->src/main/AndroidManifest.xml:60:27-74
109            </intent-filter>
110        </activity>
111        <activity
111-->src/main/AndroidManifest.xml:63:9-64:52
112            android:name="com.addx.ai.demo.OtherActivity"
112-->src/main/AndroidManifest.xml:63:19-48
113            android:screenOrientation="portrait" />
113-->src/main/AndroidManifest.xml:64:13-49
114        <activity
114-->src/main/AndroidManifest.xml:65:9-66:52
115            android:name="com.addx.ai.demo.BaseActivity"
115-->src/main/AndroidManifest.xml:65:19-47
116            android:screenOrientation="portrait" />
116-->src/main/AndroidManifest.xml:66:13-49
117        <activity
117-->src/main/AndroidManifest.xml:67:9-68:52
118            android:name="com.addx.ai.demo.Logintest"
118-->src/main/AndroidManifest.xml:67:19-44
119            android:screenOrientation="portrait" />
119-->src/main/AndroidManifest.xml:68:13-49
120        <activity
120-->src/main/AndroidManifest.xml:69:9-70:52
121            android:name="com.addx.ai.demo.PirListActivity"
121-->src/main/AndroidManifest.xml:69:19-50
122            android:screenOrientation="portrait" />
122-->src/main/AndroidManifest.xml:70:13-49
123        <activity
123-->src/main/AndroidManifest.xml:71:9-73:20
124            android:name="com.addx.ai.demo.AlexaActivity"
124-->src/main/AndroidManifest.xml:71:19-48
125            android:screenOrientation="portrait" >
125-->src/main/AndroidManifest.xml:72:13-49
126        </activity>
127        <activity
127-->[com.addx.ai:addxsettings:1.0.68] AndroidManifest.xml:12:9-15:52
128            android:name="com.ai.addxsettings.ui.DeviceSettingActivity"
128-->[com.addx.ai:addxsettings:1.0.68] AndroidManifest.xml:13:13-72
129            android:configChanges="orientation|screenSize"
129-->[com.addx.ai:addxsettings:1.0.68] AndroidManifest.xml:14:13-59
130            android:screenOrientation="portrait" />
130-->[com.addx.ai:addxsettings:1.0.68] AndroidManifest.xml:15:13-49
131        <activity
131-->[com.addx.ai:addxsettings:1.0.68] AndroidManifest.xml:16:9-19:52
132            android:name="com.ai.addxsettings.ui.DeviceSeniorSettingActivity"
132-->[com.addx.ai:addxsettings:1.0.68] AndroidManifest.xml:17:13-78
133            android:configChanges="orientation|screenSize"
133-->[com.addx.ai:addxsettings:1.0.68] AndroidManifest.xml:18:13-59
134            android:screenOrientation="portrait" />
134-->[com.addx.ai:addxsettings:1.0.68] AndroidManifest.xml:19:13-49
135        <activity
135-->[com.addx.ai:addxsettings:1.0.68] AndroidManifest.xml:20:9-23:52
136            android:name="com.ai.addxsettings.ui.DeviceBaseMoreInfoActivity"
136-->[com.addx.ai:addxsettings:1.0.68] AndroidManifest.xml:21:13-77
137            android:configChanges="orientation|screenSize"
137-->[com.addx.ai:addxsettings:1.0.68] AndroidManifest.xml:22:13-59
138            android:screenOrientation="portrait" />
138-->[com.addx.ai:addxsettings:1.0.68] AndroidManifest.xml:23:13-49
139        <activity
139-->[com.addx.ai:addxsettings:1.0.68] AndroidManifest.xml:24:9-27:52
140            android:name="com.ai.addxsettings.ui.DeviceBaseInfoActivity"
140-->[com.addx.ai:addxsettings:1.0.68] AndroidManifest.xml:25:13-73
141            android:configChanges="orientation|screenSize"
141-->[com.addx.ai:addxsettings:1.0.68] AndroidManifest.xml:26:13-59
142            android:screenOrientation="portrait" />
142-->[com.addx.ai:addxsettings:1.0.68] AndroidManifest.xml:27:13-49
143        <activity
143-->[com.addx.ai:addxsettings:1.0.68] AndroidManifest.xml:28:9-31:52
144            android:name="com.ai.addxsettings.ui.RenameDeviceActivity"
144-->[com.addx.ai:addxsettings:1.0.68] AndroidManifest.xml:29:13-71
145            android:configChanges="orientation|screenSize"
145-->[com.addx.ai:addxsettings:1.0.68] AndroidManifest.xml:30:13-59
146            android:screenOrientation="portrait" />
146-->[com.addx.ai:addxsettings:1.0.68] AndroidManifest.xml:31:13-49
147        <activity
147-->[com.addx.ai:addxsettings:1.0.68] AndroidManifest.xml:32:9-35:52
148            android:name="com.ai.addxsettings.ui.MotionDetectionActivity"
148-->[com.addx.ai:addxsettings:1.0.68] AndroidManifest.xml:33:13-74
149            android:configChanges="orientation|screenSize"
149-->[com.addx.ai:addxsettings:1.0.68] AndroidManifest.xml:34:13-59
150            android:screenOrientation="portrait" />
150-->[com.addx.ai:addxsettings:1.0.68] AndroidManifest.xml:35:13-49
151        <activity
151-->[com.addx.ai:addxsettings:1.0.68] AndroidManifest.xml:36:9-39:52
152            android:name="com.ai.addxsettings.ui.SelectTimeZoneActivity"
152-->[com.addx.ai:addxsettings:1.0.68] AndroidManifest.xml:37:13-73
153            android:configChanges="orientation|screenSize"
153-->[com.addx.ai:addxsettings:1.0.68] AndroidManifest.xml:38:13-59
154            android:screenOrientation="portrait" />
154-->[com.addx.ai:addxsettings:1.0.68] AndroidManifest.xml:39:13-49
155        <activity
155-->[com.addx.ai:addxsettings:1.0.68] AndroidManifest.xml:40:9-43:52
156            android:name="com.ai.addxsettings.ui.RebindLocationActivity"
156-->[com.addx.ai:addxsettings:1.0.68] AndroidManifest.xml:41:13-73
157            android:configChanges="orientation|screenSize"
157-->[com.addx.ai:addxsettings:1.0.68] AndroidManifest.xml:42:13-59
158            android:screenOrientation="portrait" />
158-->[com.addx.ai:addxsettings:1.0.68] AndroidManifest.xml:43:13-49
159        <activity
159-->[com.addx.ai:addxsettings:1.0.68] AndroidManifest.xml:44:9-47:52
160            android:name="com.ai.addxsettings.ui.share.DeviceSharedAdminActivity"
160-->[com.addx.ai:addxsettings:1.0.68] AndroidManifest.xml:45:13-82
161            android:configChanges="orientation|screenSize"
161-->[com.addx.ai:addxsettings:1.0.68] AndroidManifest.xml:46:13-59
162            android:screenOrientation="portrait" />
162-->[com.addx.ai:addxsettings:1.0.68] AndroidManifest.xml:47:13-49
163        <activity
163-->[com.addx.ai:addxsettings:1.0.68] AndroidManifest.xml:48:9-51:52
164            android:name="com.ai.addxsettings.ui.share.InviteActivity"
164-->[com.addx.ai:addxsettings:1.0.68] AndroidManifest.xml:49:13-71
165            android:configChanges="orientation|screenSize"
165-->[com.addx.ai:addxsettings:1.0.68] AndroidManifest.xml:50:13-59
166            android:screenOrientation="portrait" />
166-->[com.addx.ai:addxsettings:1.0.68] AndroidManifest.xml:51:13-49
167        <activity
167-->[com.addx.ai:addxsettings:1.0.68] AndroidManifest.xml:52:9-55:52
168            android:name="com.ai.addxsettings.ui.share.ShareResultActivity"
168-->[com.addx.ai:addxsettings:1.0.68] AndroidManifest.xml:53:13-76
169            android:configChanges="orientation|screenSize"
169-->[com.addx.ai:addxsettings:1.0.68] AndroidManifest.xml:54:13-59
170            android:screenOrientation="portrait" />
170-->[com.addx.ai:addxsettings:1.0.68] AndroidManifest.xml:55:13-49
171        <activity
171-->[com.addx.ai:addxsettings:1.0.68] AndroidManifest.xml:56:9-59:52
172            android:name="com.ai.addxsettings.ui.share.DeviceSharedGuestActivity"
172-->[com.addx.ai:addxsettings:1.0.68] AndroidManifest.xml:57:13-82
173            android:configChanges="orientation|screenSize"
173-->[com.addx.ai:addxsettings:1.0.68] AndroidManifest.xml:58:13-59
174            android:screenOrientation="portrait" />
174-->[com.addx.ai:addxsettings:1.0.68] AndroidManifest.xml:59:13-49
175        <activity
175-->[com.addx.ai:addxsettings:1.0.68] AndroidManifest.xml:60:9-63:52
176            android:name="com.ai.addxsettings.ui.share.AlbumActivity"
176-->[com.addx.ai:addxsettings:1.0.68] AndroidManifest.xml:61:13-70
177            android:configChanges="orientation|screenSize"
177-->[com.addx.ai:addxsettings:1.0.68] AndroidManifest.xml:62:13-59
178            android:screenOrientation="portrait" />
178-->[com.addx.ai:addxsettings:1.0.68] AndroidManifest.xml:63:13-49
179        <activity
179-->[com.addx.ai:addxsettings:1.0.68] AndroidManifest.xml:64:9-67:59
180            android:name="com.ai.addxsettings.ui.ChooseFirmwareActivity"
180-->[com.addx.ai:addxsettings:1.0.68] AndroidManifest.xml:65:13-73
181            android:configChanges="orientation|screenSize"
181-->[com.addx.ai:addxsettings:1.0.68] AndroidManifest.xml:66:13-59
182            android:theme="@style/TranslucentAppCompat" />
182-->[com.addx.ai:addxsettings:1.0.68] AndroidManifest.xml:67:13-56
183        <activity
183-->[com.addx.ai:addxsettings:1.0.68] AndroidManifest.xml:68:9-71:52
184            android:name="com.ai.addxsettings.ui.ZoneActivity"
184-->[com.addx.ai:addxsettings:1.0.68] AndroidManifest.xml:69:13-63
185            android:configChanges="orientation|screenSize"
185-->[com.addx.ai:addxsettings:1.0.68] AndroidManifest.xml:70:13-59
186            android:screenOrientation="portrait" />
186-->[com.addx.ai:addxsettings:1.0.68] AndroidManifest.xml:71:13-49
187        <activity
187-->[com.addx.ai:addxsettings:1.0.68] AndroidManifest.xml:72:9-75:52
188            android:name="com.ai.addxsettings.ui.NotificationSettingActivity"
188-->[com.addx.ai:addxsettings:1.0.68] AndroidManifest.xml:73:13-78
189            android:configChanges="orientation|screenSize"
189-->[com.addx.ai:addxsettings:1.0.68] AndroidManifest.xml:74:13-59
190            android:screenOrientation="portrait" />
190-->[com.addx.ai:addxsettings:1.0.68] AndroidManifest.xml:75:13-49
191        <activity
191-->[com.addx.ai:addxsettings:1.0.68] AndroidManifest.xml:76:9-79:52
192            android:name="com.ai.addxsettings.ui.DeviceLanguageSettingActivity"
192-->[com.addx.ai:addxsettings:1.0.68] AndroidManifest.xml:77:13-80
193            android:configChanges="orientation|screenSize"
193-->[com.addx.ai:addxsettings:1.0.68] AndroidManifest.xml:78:13-59
194            android:screenOrientation="portrait" />
194-->[com.addx.ai:addxsettings:1.0.68] AndroidManifest.xml:79:13-49
195        <activity
195-->[com.addx.ai:addxsettings:1.0.68] AndroidManifest.xml:80:9-83:52
196            android:name="com.ai.addxsettings.ui.playback.PlaybackActivity"
196-->[com.addx.ai:addxsettings:1.0.68] AndroidManifest.xml:81:13-76
197            android:configChanges="orientation|screenSize"
197-->[com.addx.ai:addxsettings:1.0.68] AndroidManifest.xml:82:13-59
198            android:screenOrientation="portrait" />
198-->[com.addx.ai:addxsettings:1.0.68] AndroidManifest.xml:83:13-49
199        <activity
199-->[com.addx.ai:addxsettings:1.0.68] AndroidManifest.xml:84:9-86:52
200            android:name="com.ai.addxsettings.ui.AntiFlickerActivity"
200-->[com.addx.ai:addxsettings:1.0.68] AndroidManifest.xml:85:13-70
201            android:screenOrientation="portrait" />
201-->[com.addx.ai:addxsettings:1.0.68] AndroidManifest.xml:86:13-49
202        <activity
202-->[com.addx.ai:addxsettings:1.0.68] AndroidManifest.xml:87:9-90:52
203            android:name="com.ai.addxsettings.ui.SetupActivity"
203-->[com.addx.ai:addxsettings:1.0.68] AndroidManifest.xml:88:13-64
204            android:launchMode="singleTop"
204-->[com.addx.ai:addxsettings:1.0.68] AndroidManifest.xml:89:13-43
205            android:screenOrientation="portrait" />
205-->[com.addx.ai:addxsettings:1.0.68] AndroidManifest.xml:90:13-49
206        <activity
206-->[com.addx.ai:addxsettings:1.0.68] AndroidManifest.xml:91:9-93:52
207            android:name="com.ai.addxsettings.ui.SetupNextActivity"
207-->[com.addx.ai:addxsettings:1.0.68] AndroidManifest.xml:92:13-68
208            android:screenOrientation="portrait" />
208-->[com.addx.ai:addxsettings:1.0.68] AndroidManifest.xml:93:13-49
209        <activity
209-->[com.addx.ai:addxsettings:1.0.68] AndroidManifest.xml:94:9-96:52
210            android:name="com.ai.addxsettings.ui.SetupLastActivity"
210-->[com.addx.ai:addxsettings:1.0.68] AndroidManifest.xml:95:13-68
211            android:screenOrientation="portrait" />
211-->[com.addx.ai:addxsettings:1.0.68] AndroidManifest.xml:96:13-49
212        <activity
212-->[com.addx.ai:addxsettings:1.0.68] AndroidManifest.xml:97:9-99:52
213            android:name="com.ai.addxsettings.ui.DeviceVoiceSettingActivity"
213-->[com.addx.ai:addxsettings:1.0.68] AndroidManifest.xml:98:13-77
214            android:screenOrientation="portrait" />
214-->[com.addx.ai:addxsettings:1.0.68] AndroidManifest.xml:99:13-49
215        <activity
215-->[com.addx.ai:addxsettings:1.0.68] AndroidManifest.xml:100:9-102:52
216            android:name="com.ai.addxsettings.ui.DeviceVersionInfoActivity"
216-->[com.addx.ai:addxsettings:1.0.68] AndroidManifest.xml:101:13-76
217            android:screenOrientation="portrait" />
217-->[com.addx.ai:addxsettings:1.0.68] AndroidManifest.xml:102:13-49
218        <activity
218-->[com.addx.ai:addxsettings:1.0.68] AndroidManifest.xml:103:9-105:52
219            android:name="com.ai.addxsettings.ui.SdcardManageActivity"
219-->[com.addx.ai:addxsettings:1.0.68] AndroidManifest.xml:104:13-71
220            android:screenOrientation="portrait" />
220-->[com.addx.ai:addxsettings:1.0.68] AndroidManifest.xml:105:13-49
221        <activity
221-->[com.addx.ai:addxsettings:1.0.68] AndroidManifest.xml:106:9-108:52
222            android:name="com.ai.addxsettings.ui.LightManageActivity"
222-->[com.addx.ai:addxsettings:1.0.68] AndroidManifest.xml:107:13-70
223            android:screenOrientation="portrait" />
223-->[com.addx.ai:addxsettings:1.0.68] AndroidManifest.xml:108:13-49
224        <activity
224-->[com.addx.ai:addxsettings:1.0.68] AndroidManifest.xml:109:9-111:52
225            android:name="com.ai.addxsettings.ui.RebindLocationForMultiDeviceActivity"
225-->[com.addx.ai:addxsettings:1.0.68] AndroidManifest.xml:110:13-87
226            android:screenOrientation="portrait" />
226-->[com.addx.ai:addxsettings:1.0.68] AndroidManifest.xml:111:13-49
227
228        <service android:name="com.ai.addxsettings.service.SDFormatService" />
228-->[com.addx.ai:addxsettings:1.0.68] AndroidManifest.xml:113:9-79
228-->[com.addx.ai:addxsettings:1.0.68] AndroidManifest.xml:113:18-76
229
230        <activity
230-->[com.addx.ai:addxbind:1.0.68] AndroidManifest.xml:25:9-28:52
231            android:name="com.ai.addxbind.devicebind.ui.AddDevice1Activity"
231-->[com.addx.ai:addxbind:1.0.68] AndroidManifest.xml:26:13-76
232            android:exported="true"
232-->[com.addx.ai:addxbind:1.0.68] AndroidManifest.xml:27:13-36
233            android:screenOrientation="portrait" />
233-->[com.addx.ai:addxbind:1.0.68] AndroidManifest.xml:28:13-49
234        <activity
234-->[com.addx.ai:addxbind:1.0.68] AndroidManifest.xml:29:9-32:52
235            android:name="com.ai.addxbind.devicebind.ui.OtherErrorActivity"
235-->[com.addx.ai:addxbind:1.0.68] AndroidManifest.xml:30:13-76
236            android:configChanges="orientation|screenSize"
236-->[com.addx.ai:addxbind:1.0.68] AndroidManifest.xml:31:13-59
237            android:screenOrientation="portrait" />
237-->[com.addx.ai:addxbind:1.0.68] AndroidManifest.xml:32:13-49
238        <activity
238-->[com.addx.ai:addxbind:1.0.68] AndroidManifest.xml:33:9-36:52
239            android:name="com.ai.addxbind.devicebind.ui.ScanQrCodeOtherActivity"
239-->[com.addx.ai:addxbind:1.0.68] AndroidManifest.xml:34:13-81
240            android:configChanges="orientation|screenSize"
240-->[com.addx.ai:addxbind:1.0.68] AndroidManifest.xml:35:13-59
241            android:screenOrientation="portrait" />
241-->[com.addx.ai:addxbind:1.0.68] AndroidManifest.xml:36:13-49
242        <activity
242-->[com.addx.ai:addxbind:1.0.68] AndroidManifest.xml:37:9-40:52
243            android:name="com.ai.addxbind.devicebind.ui.SetDeviceNameActivity"
243-->[com.addx.ai:addxbind:1.0.68] AndroidManifest.xml:38:13-79
244            android:configChanges="orientation|screenSize"
244-->[com.addx.ai:addxbind:1.0.68] AndroidManifest.xml:39:13-59
245            android:screenOrientation="portrait" />
245-->[com.addx.ai:addxbind:1.0.68] AndroidManifest.xml:40:13-49
246        <activity
246-->[com.addx.ai:addxbind:1.0.68] AndroidManifest.xml:41:9-44:52
247            android:name="com.ai.addxbind.devicebind.ui.ConnResultActivity"
247-->[com.addx.ai:addxbind:1.0.68] AndroidManifest.xml:42:13-76
248            android:configChanges="orientation|screenSize"
248-->[com.addx.ai:addxbind:1.0.68] AndroidManifest.xml:43:13-59
249            android:screenOrientation="portrait" />
249-->[com.addx.ai:addxbind:1.0.68] AndroidManifest.xml:44:13-49
250        <activity
250-->[com.addx.ai:addxbind:1.0.68] AndroidManifest.xml:45:9-55:20
251            android:name="com.ai.addxbind.devicebind.ui.ChooseWifiActivity"
251-->[com.addx.ai:addxbind:1.0.68] AndroidManifest.xml:46:13-76
252            android:configChanges="orientation|screenSize"
252-->[com.addx.ai:addxbind:1.0.68] AndroidManifest.xml:47:13-59
253            android:exported="false"
253-->[com.addx.ai:addxbind:1.0.68] AndroidManifest.xml:48:13-37
254            android:screenOrientation="portrait" >
254-->[com.addx.ai:addxbind:1.0.68] AndroidManifest.xml:49:13-49
255            <intent-filter>